[1020/144747.806:WARNING:used_ids.h(55)] Duplicate id found. Reassigning from 104 to 127
[1020/144747.806:WARNING:used_ids.h(55)] Duplicate id found. Reassigning from 102 to 125
[1020/144747.806:WARNING:used_ids.h(55)] Duplicate id found. Reassigning from 104 to 124
[1020/144747.806:WARNING:used_ids.h(55)] Duplicate id found. Reassigning from 106 to 123
[1020/144747.806:WARNING:used_ids.h(55)] Duplicate id found. Reassigning from 103 to 122
[1020/144747.806:WARNING:used_ids.h(55)] Duplicate id found. Reassigning from 105 to 121
[1020/144747.807:WARNING:used_ids.h(55)] Duplicate id found. Reassigning from 109 to 120
[1020/144747.807:WARNING:used_ids.h(55)] Duplicate id found. Reassigning from 1 to 14
[1020/144747.808:WARNING:used_ids.h(55)] Duplicate id found. Reassigning from 3 to 13
[1020/144747.811:WARNING:used_ids.h(55)] Duplicate id found. Reassigning from 5 to 12
[1020/144747.811:WARNING:used_ids.h(55)] Duplicate id found. Reassigning from 6 to 11
[1020/144747.830:ERROR:audio_rtp_receiver.cc(89)] AudioRtpReceiver::OnSetVolume: No audio channel exists.
[1020/144807.270:ERROR:audio_rtp_receiver.cc(89)] AudioRtpReceiver::OnSetVolume: No audio channel exists.
[1020/144807.288:WARNING:used_ids.h(55)] Duplicate id found. Reassigning from 104 to 127
[1020/144807.288:WARNING:used_ids.h(55)] Duplicate id found. Reassigning from 102 to 125
[1020/144807.288:WARNING:used_ids.h(55)] Duplicate id found. Reassigning from 104 to 124
[1020/144807.288:WARNING:used_ids.h(55)] Duplicate id found. Reassigning from 106 to 123
[1020/144807.288:WARNING:used_ids.h(55)] Duplicate id found. Reassigning from 103 to 122
[1020/144807.288:WARNING:used_ids.h(55)] Duplicate id found. Reassigning from 105 to 121
[1020/144807.288:WARNING:used_ids.h(55)] Duplicate id found. Reassigning from 109 to 120
[1020/144807.288:WARNING:used_ids.h(55)] Duplicate id found. Reassigning from 1 to 14
[1020/144807.289:WARNING:used_ids.h(55)] Duplicate id found. Reassigning from 3 to 13
[1020/144807.289:WARNING:used_ids.h(55)] Duplicate id found. Reassigning from 5 to 12
[1020/144807.289:WARNING:used_ids.h(55)] Duplicate id found. Reassigning from 6 to 11
[1020/144915.020:WARNING:used_ids.h(55)] Duplicate id found. Reassigning from 104 to 127
[1020/144915.020:WARNING:used_ids.h(55)] Duplicate id found. Reassigning from 102 to 125
[1020/144915.020:WARNING:used_ids.h(55)] Duplicate id found. Reassigning from 104 to 124
[1020/144915.020:WARNING:used_ids.h(55)] Duplicate id found. Reassigning from 106 to 123
[1020/144915.020:WARNING:used_ids.h(55)] Duplicate id found. Reassigning from 103 to 122
[1020/144915.020:WARNING:used_ids.h(55)] Duplicate id found. Reassigning from 105 to 121
[1020/144915.020:WARNING:used_ids.h(55)] Duplicate id found. Reassigning from 109 to 120
[1020/144915.020:WARNING:used_ids.h(55)] Duplicate id found. Reassigning from 1 to 14
[1020/144915.020:WARNING:used_ids.h(55)] Duplicate id found. Reassigning from 3 to 13
[1020/144915.020:WARNING:used_ids.h(55)] Duplicate id found. Reassigning from 5 to 12
[1020/144915.020:WARNING:used_ids.h(55)] Duplicate id found. Reassigning from 6 to 11
[1020/144915.020:ERROR:audio_rtp_receiver.cc(89)] AudioRtpReceiver::OnSetVolume: No audio channel exists.
[1020/144927.371:WARNING:used_ids.h(55)] Duplicate id found. Reassigning from 104 to 127
[1020/144927.371:WARNING:used_ids.h(55)] Duplicate id found. Reassigning from 102 to 125
[1020/144927.371:WARNING:used_ids.h(55)] Duplicate id found. Reassigning from 104 to 124
[1020/144927.371:WARNING:used_ids.h(55)] Duplicate id found. Reassigning from 106 to 123
[1020/144927.372:WARNING:used_ids.h(55)] Duplicate id found. Reassigning from 103 to 122
[1020/144927.372:WARNING:used_ids.h(55)] Duplicate id found. Reassigning from 105 to 121
[1020/144927.372:WARNING:used_ids.h(55)] Duplicate id found. Reassigning from 109 to 120
[1020/144927.372:WARNING:used_ids.h(55)] Duplicate id found. Reassigning from 1 to 14
[1020/144927.372:WARNING:used_ids.h(55)] Duplicate id found. Reassigning from 3 to 13
[1020/144927.372:WARNING:used_ids.h(55)] Duplicate id found. Reassigning from 5 to 12
[1020/144927.372:WARNING:used_ids.h(55)] Duplicate id found. Reassigning from 6 to 11
[1020/144927.372:ERROR:audio_rtp_receiver.cc(89)] AudioRtpReceiver::OnSetVolume: No audio channel exists.
[1020/144948.623:ERROR:batching_media_log.cc(38)] MediaEvent: {"error":"FFmpegDemuxer: no supported streams"}
[1020/144948.624:ERROR:batching_media_log.cc(35)] MediaEvent: {"pipeline_error":14}
[1020/144950.710:ERROR:batching_media_log.cc(38)] MediaEvent: {"error":"FFmpegDemuxer: no supported streams"}
[1020/144950.710:ERROR:batching_media_log.cc(35)] MediaEvent: {"pipeline_error":14}
[1102/113616.318:ERROR:batching_media_log.cc(38)] MediaEvent: {"error":"FFmpegDemuxer: no supported streams"}
[1102/113616.319:ERROR:batching_media_log.cc(35)] MediaEvent: {"pipeline_error":14}
[1102/113616.504:ERROR:batching_media_log.cc(38)] MediaEvent: {"error":"FFmpegDemuxer: no supported streams"}
[1102/113616.504:ERROR:batching_media_log.cc(35)] MediaEvent: {"pipeline_error":14}
[1102/113616.523:WARNING:spdy_session.cc(3365)] Received HEADERS for invalid stream 45
[1102/154656.116:WARNING:gpu_process_host.cc(1230)] The GPU process has crashed 1 time(s)
[1102/154656.612:ERROR:network_service_instance_impl.cc(263)] Network service crashed, restarting service.
[1102/154656.625:ERROR:network_service_instance_impl.cc(263)] Network service crashed, restarting service.
[1102/154656.625:WARNING:gpu_process_host.cc(1230)] The GPU process has crashed 2 time(s)
[1102/154656.637:WARNING:gpu_process_host.cc(1230)] The GPU process has crashed 3 time(s)
[1108/183206.638:WARNING:gpu_process_host.cc(1230)] The GPU process has crashed 1 time(s)
[1108/183207.892:WARNING:ipc_message_attachment_set.cc(49)] MessageAttachmentSet destroyed with unconsumed attachments: 0/1
[1108/183208.214:ERROR:network_service_instance_impl.cc(263)] Network service crashed, restarting service.
[1108/183208.258:WARNING:gpu_process_host.cc(1230)] The GPU process has crashed 2 time(s)
[1108/183208.269:WARNING:gpu_process_host.cc(1230)] The GPU process has crashed 3 time(s)
[1108/183208.280:WARNING:gpu_process_host.cc(1230)] The GPU process has crashed 4 time(s)
[1108/183208.292:WARNING:gpu_process_host.cc(1230)] The GPU process has crashed 5 time(s)
[1108/183208.303:WARNING:gpu_process_host.cc(1230)] The GPU process has crashed 6 time(s)
[1108/183208.549:ERROR:browser_gpu_channel_host_factory.cc(153)] Failed to launch GPU process.
[1108/183208.549:ERROR:network_service_instance_impl.cc(263)] Network service crashed, restarting service.
[1108/183208.877:ERROR:browser_gpu_channel_host_factory.cc(153)] Failed to launch GPU process.
[1108/183208.879:ERROR:network_service_instance_impl.cc(263)] Network service crashed, restarting service.
[1108/183208.883:ERROR:browser_gpu_channel_host_factory.cc(153)] Failed to launch GPU process.
[1108/183209.211:ERROR:network_service_instance_impl.cc(263)] Network service crashed, restarting service.
[1108/183209.545:ERROR:network_service_instance_impl.cc(263)] Network service crashed, restarting service.
[1108/183209.877:ERROR:network_service_instance_impl.cc(263)] Network service crashed, restarting service.
[1108/183210.217:ERROR:network_service_instance_impl.cc(263)] Network service crashed, restarting service.
[1108/183210.557:ERROR:network_service_instance_impl.cc(263)] Network service crashed, restarting service.
[1108/183210.890:ERROR:network_service_instance_impl.cc(263)] Network service crashed, restarting service.
[1108/183211.230:ERROR:network_service_instance_impl.cc(263)] Network service crashed, restarting service.
[1108/183211.570:ERROR:network_service_instance_impl.cc(263)] Network service crashed, restarting service.
